\o Program:		@(#)$CDS: libManager version 32.10 11/11/2011 13:43 (cat91amd) $
\o Sub version:		sub-version  s008 
\o Arguments:		-unmapped -mpssession virtuoso122243 -mpshost eeapps01.seas.ucla.edu 
\o Working Directory:	eeapps01.seas.ucla.edu:/w/home.01/ee/ugrad/jaehyung/ee115c
\o Qt version: 		4.5.3
\o changeWorkingDir("/w/home.01/ee/ugrad/jaehyung/ee115c") unnecessary.
\o ddSetForcedLib("") unnecessary.
\o Log file is "/w/home.01/ee/ugrad/jaehyung/ee115c/libManager.log".
\o Opening libManager window.
\a nrSetWindowVisibility(cdsLibManager "show")
\o MPS service: map window
\a nrSetCurrentWindow(cdsLibManager)
\o Library Manager customization server connected.
\a nrResizeWindow(cdsLibManager list(302 162 710 550))
\a cdsLibManager->libListBox->value = "ee115c"
\a cdsLibManager->libLineEdit->value = "ee115c"
\a cdsLibManager->cellListBox->value = "HAdder"
\a nrListItemAction(cdsLibManager->cellListBox 18 0)
\o MPS request: edit design
\a cdsLibManager->libListBox->value = nil
\a cdsLibManager->cellListBox->value = nil
\a cdsLibManager->libLineEdit->value = ""
\a cdsLibManager->libListBox->value = "ee115c"
\a cdsLibManager->libLineEdit->value = "ee115c"
\a cdsLibManager->cellListBox->value = "HAdder"
\a cdsLibManager->cellLineEdit->value = "HAdder"
\a nrSetCurrentWindow(cdsLibManager)
\a nrResizeWindow(cdsLibManager list(363 494 710 550))
\a nrSetWindowVisibility(cdsLibManager "hide")
\o libManager is exiting.
\a exit(0)
